Calibrating	
-93.69	-4290.48
-89.72	-53.68
-85.74	-50.06
-81.8	-46.38
-77.9	-42.88
-74.04	-39.33
-70.2	-35.48
-66.41	-32.21
-62.64	-28.69
-58.9	-25.39
-55.21	-21.91
-51.56	-18.69
-47.95	-15.56
-44.37	-12.26
-40.83	-9
-37.28	-5.91
-30.01	213.23
-30.31	0.28
-26.89	3.37
-23.51	6.42
-20.14	9.41
-16.85	12.37
-13.57	15.18
-10.36	17.92
-7.17	20.76
-4.07	23.49
-1.01	26.06
2	28.8
4.97	31.48
7.9	33.79
10.79	36.37
13.64	38.97
16.44	41.27
19.22	43.55
21.94	45.92
24.64	48.32
27.3	50.44
29.92	52.7
32.47	54.99
34.96	57.02
37.42	59.25
39.84	61.18
42.21	63.27
44.54	65.32
46.83	67.14
49.09	69.06
51.3	70.92
53.48	72.8
55.64	74.79
53.97	72.71
59.82	78.14
65.65	83.64
63.86	292.07
65.85	83.16
67.78	84.9
69.67	295.47
71.54	87.93
73.38	89.67
75.17	91.01
76.93	92.63
78.65	93.97
80.33	95.3
81.99	96.57
83.6	98.06
85.21	99.44
86.8	100.72
88.35	102.15
89.87	103.13
91.35	104.44
92.8	105.74
94.23	107.04
95.65	108.18
97.04	109.59
98.4	110.53
99.72	111.45
101.01	112.34
102.3	113.54
103.55	114.61
104.78	115.75
105.98	116.73
107.16	117.59
108.31	118.61
109.45	119.52
110.56	120.61
111.66	121.29
112.74	122.35
113.78	123.14
114.81	123.84
115.82	124.75
116.8	125.44
117.75	126.22
118.69	127.06
119.61	127.73
120.51	128.54
121.4	129.31
122.28	129.91
123.13	130.62
123.97	131.37
124.8	132.16
125.61	132.8
126.42	133.41
127.19	134.02
127.95	134.57
128.69	135.29
129.43	136.08
130.15	136.35
130.86	136.98
131.54	137.51
132.21	138.37
132.88	138.72
133.54	139.42
134.17	139.8
134.8	140.29
135.4	140.87
136	141.28
136.59	141.78
137.15	142.25
137.71	142.63
138.26	143.18
138.8	143.61
139.34	143.98
139.86	144.39
140.35	144.91
140.86	145.29
141.34	145.55
141.82	145.97
142.29	146.48
142.77	146.98
143.24	147.36
143.68	147.44
144.11	147.9
144.52	148.14
144.92	148.53
145.33	149.17
145.74	149.21
146.13	149.65
146.51	149.62
146.88	150.36
147.25	150.56
147.62	150.73
147.97	151.18
148.32	151.35
148.67	151.62
148.99	152
145.55	148.57
149.65	152.58
149.97	152.72
150.28	153.08
150.59	153.28
150.89	153.53
151.18	153.63
151.48	154.1
151.76	154.17
152.04	154.52
152.31	154.68
152.56	154.87
152.81	155.13
153.07	155.33
153.32	155.47
153.57	155.78
153.8	155.97
154.04	156.16
154.27	156.16
154.49	156.51
154.71	156.47
154.92	156.77
155.13	156.96
155.34	157.13
155.55	157.42
155.75	157.64
155.95	157.68
156.14	157.88
156.33	157.89
156.52	158.24
156.7	158.32
156.88	158.51
157.04	158.52
157.21	158.78
157.38	158.96
157.54	159.01
157.7	159.15
157.87	159.36
158.02	159.37
158.18	159.4
158.32	159.63
158.47	159.87
158.6	159.81
158.74	159.96
158.88	160.11
159.02	160.21
159.16	160.36
159.29	160.38
159.41	160.39
159.52	160.49
159.63	160.7
159.76	160.67
159.87	160.77
159.97	160.95
160.07	160.78
160.17	160.96
160.27	161.38
160.38	161.37
160.48	161.35
160.58	161.43
160.67	161.49
160.75	161.5
160.84	161.49
160.93	161.78
161	161.59
161.08	161.77
161.16	161.86
161.24	161.95
161.33	161.97
161.41	162.07
161.49	162.23
161.57	162.33
161.64	162.29
161.71	162.24
161.79	162.52
161.86	162.47
161.94	162.8
162.01	162.64
162.08	162.68
162.15	162.84
162.21	162.72
162.28	162.95
162.35	163.01
162.4	162.84
162.46	163.09
162.52	163.15
158.8	159.2
162.64	163.09
162.69	163.32
162.74	-43.6
162.79	163.29
162.84	163.23
162.89	163.26
162.93	163.08
162.98	163.29
159.24	159.63
163.07	163.47
163.12	163.47
163.16	163.54
163.2	163.82
163.24	163.55
163.29	163.71
163.33	163.76
163.37	163.66
163.4	163.74
163.43	163.68
163.47	163.71
163.5	164.01
163.53	163.79
163.56	163.91
163.6	163.91
163.63	163.86
163.66	163.89
163.7	163.95
163.74	164.05
163.78	164.04
163.81	163.91
163.84	164.3
163.88	164.38
163.92	164.19
160.17	-49.06
163.99	164.27
164.01	164.22
160.26	160.47
164.07	164.36
164.08	164.3
164.1	164.3
164.12	164.24
164.13	164.35
164.16	164.42
164.18	164.54
164.2	164.48
164.22	164.37
164.24	164.38
164.27	164.65
164.3	164.51
164.32	164.36
164.33	164.49
164.35	164.57
164.37	164.56
164.38	164.56
164.41	164.69
168.2	168.35
164.43	164.53
164.45	164.43
164.48	164.78
164.5	164.6
164.52	164.55
160.75	160.96
164.54	164.58
164.55	164.6
164.57	164.65
164.59	164.76
164.61	164.88
164.62	164.59
164.64	164.74
164.65	164.9
164.67	164.86
164.68	164.71
164.69	164.85
164.71	164.8
164.71	164.79
164.72	164.8
164.71	164.69
164.71	164.77
164.72	164.79
164.72	164.77
168.51	168.41
176.08	176.23
191.21	615.99
206.35	206.3
221.48	221.82
255.51	255.76
281.98	282.04
300.9	1362.54
319.81	319.69
338.72	338.78
372.75	372.81
384.1	384.21
384.12	384.26
384.13	384.21
384.14	384.13
384.14	384.19
384.15	384.21
384.15	384.18
384.14	384.19
384.15	384.14
384.16	384.25
384.17	384.26
384.17	384.27
384.17	384.17
384.18	384.1
384.18	384.21
384.18	384.08
384.19	384.35
384.2	384.41
384.2	384.13
384.2	384.36
384.21	384.16
384.22	384.3
384.22	384.14
384.22	384.15
384.22	384.31
384.22	384.22
384.23	384.24
384.23	384.2
384.23	384.27
384.23	384.24
384.24	384.4
384.25	384.32
384.26	384.18
384.27	384.15
384.27	384.25
384.27	384.27
384.26	384.44
384.26	384.34
384.27	384.33
384.27	384.2
365.37	365.37
342.7	342.97
323.8	-726.23
304.9	304.89
289.78	289.72
255.75	255.53
236.85	236.81
202.84	-636.17
187.72	187.63
172.62	172.61
165.06	165.25
165.06	165.21
165.06	164.92
165.05	165.06
165.05	165.01
165.06	165.16
165.06	164.99
165.04	164.91
165.04	164.93
165.05	165.12
165.05	165.03
165.06	165.03
165.05	165.16
165.05	165.19
165.05	165.13
165.06	165.07
165.07	165.1
165.07	165.05
165.08	165.28
165.09	165.21
165.1	164.99
165.11	165.15
165.11	165.07
184	1230.57
221.8	221.88
270.95	271.04
384.35	384.34
384.36	384.52
384.38	384.54
384.4	384.51
384.41	384.26
384.39	384.36
384.39	384.26
384.38	384.33
384.37	384.43
384.38	384.37
384.38	384.46
384.38	384.42
384.39	384.42
384.39	384.45
384.4	384.48
384.4	384.31
384.4	384.49
384.41	384.5
384.41	384.44
384.41	384.37
384.41	384.44
384.42	384.42
384.41	384.37
384.41	384.35
384.42	384.58
384.43	384.5
384.43	384.32
384.44	384.43
384.43	384.38
384.44	384.37
384.45	384.51
384.44	384.27
384.43	384.48
384.43	384.42
384.42	384.34
384.42	384.27
384.43	384.49
384.43	384.37
384.41	384.33
384.41	384.51
384.42	384.7
384.42	384.52
384.43	384.41
384.43	384.37
384.44	384.47
384.43	384.35
384.43	384.24
384.44	384.37
384.44	384.45
384.45	384.53
384.45	384.47
384.46	384.5
384.47	384.46
384.48	384.48
384.48	384.46
384.48	384.35
384.46	384.4
384.47	384.56
384.47	384.34
384.47	384.52
384.47	384.3
384.46	384.38
380.68	380.7
358	358.12
278.63	-2266.24
233.28	233.25
233.28	233.22
165.23	165.14
165.21	165.01
165.2	165.13
165.2	165.23
165.21	165.22
165.22	165.31
165.22	165.14
165.22	165.33
165.22	165.39
165.22	165.2
165.22	165.25
165.21	165.15
165.22	165.22
165.23	165.25
165.23	165.21
165.23	165.42
165.24	165.42
165.24	165.3
165.25	165.35
165.26	165.23
169.04	378.99
165.26	165.12
165.27	165.28
165.28	165.49
161.51	161.6
165.3	165.51
165.3	165.18
161.52	161.53
165.3	165.27
165.29	165.12
165.28	165.12
165.28	165.43
165.28	165.37
165.28	165.13
165.28	165.26
165.28	165.2
165.27	165.3
165.28	165.32
165.29	165.32
165.28	165.27
165.28	165.17
165.27	165.14
165.27	165.19
165.27	165.11
165.26	165.19
165.27	165.44
165.26	165.23
165.28	165.39
184.17	184.04
327.82	328.02
384.52	384.4
384.51	384.68
384.53	384.73
384.54	384.44
384.52	384.49
384.52	384.21
384.52	384.56
384.52	384.67
384.53	384.46
384.52	384.41
384.52	384.53
384.52	384.38
384.52	384.57
384.51	384.39
384.5	384.52
384.49	384.45
384.5	384.39
384.5	384.39
384.49	384.44
384.49	384.4
384.49	384.58
384.49	384.48
384.5	384.63
384.5	384.51
384.51	384.58
384.51	384.62
384.51	384.47
384.51	384.57
384.51	384.64
373.18	373.18
342.94	342.98
342.95	343.08
297.6	-1178.19
271.14	271.05
248.46	248.52
199.32	199.36
180.42	180.39
165.29	165.19
165.27	165.09
165.27	165.27
165.27	165.39
169.07	169.24
180.41	180.35
252.23	252.22
293.81	293.66
384.53	2685.12
384.54	384.77
384.55	384.62
384.57	384.77
384.58	384.37
380.79	170.2
358.1	358.1
327.86	327.97
263.6	-1407.96
233.37	233.63
210.69	210.6
184.23	184.23
180.44	180.36
172.87	172.67
176.63	176.43
176.63	176.52
184.18	183.93
210.64	210.6
312.68	3269.64
350.47	350.46
384.5	384.7
384.51	384.58
384.52	384.52
384.54	384.75
384.54	384.53
384.54	384.29
354.28	-1105.54
316.47	316.34
274.9	274.9
199.3	199.58
169.09	168.99
165.31	165.37
165.3	165.13
165.27	165.04
165.26	165.38
169.06	169.11
210.65	1872.42
248.45	248.56
290.02	289.94
384.51	384.42
384.49	384.42
384.49	384.51
384.5	384.84
384.52	384.64
384.52	384.61
384.53	384.62
365.63	365.59
274.9	274.94
233.32	233.5
165.29	-1306.01
165.29	165.25
161.5	161.39
165.27	165.17
165.26	165.19
165.27	165.41
184.18	184.24
222	222.17
324.08	3290.15
377	376.83
376.98	376.91
384.56	384.73
384.57	384.6
384.58	384.48
384.59	384.72
384.6	384.75
358.14	358.2
312.78	312.73
267.44	267.4
222.09	222.33
180.53	180.6
165.39	374.99
165.35	165.03
165.32	164.98
165.31	165.4
165.32	165.35
203.14	1886.45
252.28	252.44
305.19	305.09
354.32	354.41
384.56	384.69
384.58	384.66
384.59	384.62
384.59	384.59
384.58	384.69
384.59	384.62
384.59	384.63
316.54	316.4
316.52	316.55
233.36	-2067.22
188	187.99
165.33	165.24
165.31	165.22
165.29	164.95
165.28	165.32
165.28	165.47
172.86	173.03
191.77	191.97
225.79	225.66
342.95	3919.58
384.53	384.63
384.54	384.65
384.55	384.6
384.56	384.72
384.56	384.51
384.55	384.51
384.54	384.42
384.54	384.63
384.54	384.49
384.53	384.41
384.53	384.74
384.54	384.71
384.55	384.45
384.54	384.55
384.55	384.65
384.55	384.59
384.56	384.72
384.57	384.58
384.57	384.67
384.56	384.53
384.55	384.42
384.56	384.57
384.56	384.5
384.56	384.52
384.57	384.66
384.58	384.7
384.58	384.64
384.58	384.61
384.58	384.69
384.59	384.61
384.6	384.66
384.6	384.66
384.59	384.49
384.58	384.27
384.56	384.48
384.55	384.42
384.54	384.39
384.53	384.33
384.52	384.29
380.73	380.71
384.5	384.23
384.5	384.59
384.5	384.58
384.5	384.57
384.5	384.58
384.49	384.36
384.49	384.61
384.5	384.82
384.5	384.55
384.51	384.53
384.51	384.5
384.5	384.45
384.5	384.37
384.48	384.39
384.48	384.6
384.49	384.64
384.49	384.56
384.49	384.42
384.49	384.48
384.48	384.51
384.47	384.32
380.7	170.48
342.89	343.03
293.75	293.7
203.04	203.21
165.24	165
165.22	165.06
165.2	165.14
165.19	165.08
165.2	165.43
165.23	165.31
165.25	165.2
165.25	165.25
165.25	165.19
161.47	-45.47
165.25	165.48
165.26	165.11
165.26	165.33
165.27	165.48
165.28	165.33
165.29	165.36
165.29	165.33
165.29	165.21
165.3	165.5
165.29	165.39
165.29	165.08
165.27	165.16
165.28	165.29
165.28	165.31
165.29	165.3
165.29	165.21
165.3	165.39
165.3	165.28
165.29	165.29
161.51	161.56
165.3	165.29
165.29	165.16
165.29	375.54
165.29	165.26
165.3	165.53
165.31	165.52
165.31	165.26
165.32	165.41
165.32	165.25
165.32	165.22
165.32	165.31
165.32	165.32
169.1	169.16
165.33	165.3
165.33	165.34
165.33	165.3
169.1	169.12
172.87	172.94
180.44	180.47
180.45	180.53
184.23	184.25
184.24	184.26
191.8	191.82
199.37	408.81
199.38	199.58
203.17	203.27
210.73	210.63
218.29	218.25
222.07	222.11
229.63	229.64
229.62	229.55
240.96	241.06
240.97	241.05
248.53	455.61
256.09	256.21
259.88	259.88
267.43	267.32
271.21	271.14
278.77	488.51
278.77	278.8
286.33	286.25
293.89	293.92
297.68	297.6
305.24	305.2
316.58	316.67
324.15	324.36
335.5	545.41
343.06	343.11
343.06	343.13
354.41	354.49
361.96	361.9
373.31	580.26
380.87	380.9
384.65	384.53
384.64	384.65
384.64	384.76
384.64	384.7
384.64	384.75
384.65	384.74
384.65	384.33
384.65	384.63
384.63	384.59
384.63	384.66
384.62	384.45
384.62	384.68
384.62	384.59
384.61	384.51
384.61	384.53
384.6	384.48
384.59	384.6
384.59	384.58
384.59	384.45
384.59	384.56
384.58	384.61
384.59	384.71
384.58	384.5
384.59	384.68
384.58	384.57
384.57	384.44
384.56	384.34
384.56	384.75
384.56	384.46
384.55	384.66
384.54	384.4
384.54	384.39
384.54	384.6
384.54	384.53
384.54	384.5
384.54	384.6
384.54	384.35
384.54	384.49
384.54	384.4
384.53	384.58
384.54	384.56
384.53	384.47
384.53	384.31
384.53	384.57
384.53	384.43
384.53	384.5
384.53	384.56
384.54	384.41
384.54	384.67
384.54	384.58
384.54	384.41
384.52	384.32
384.52	384.5
384.51	384.37
384.51	384.4
384.51	384.6
384.51	384.44
384.51	384.45
384.5	384.47
384.5	384.5
384.5	384.62
384.5	384.35
384.5	384.41
384.5	384.52
384.5	384.44
384.5	384.54
384.51	384.61
384.51	384.44
384.51	384.63
384.5	384.52
384.49	384.45
384.49	384.55
384.48	384.47
376.92	-46.23
350.46	350.53
316.44	316.38
237.06	237.16
191.69	191.72
165.22	165.11
165.2	164.9
165.18	165.1
165.18	165.32
165.2	165.13
165.21	165.21
165.22	165.16
165.23	165.15
176.57	802.75
172.78	172.78
206.81	206.98
323.99	323.89
376.91	376.9
384.48	384.65
384.5	384.69
384.51	384.42
384.52	384.62
384.55	384.64
384.55	384.67
384.56	384.58
384.55	384.49
384.55	384.75
384.55	384.43
384.54	384.38
384.54	384.56
384.53	384.51
384.53	384.5
384.55	384.75
384.55	384.47
384.55	384.59
384.56	384.49
384.55	384.62
384.56	384.61
384.55	384.62
384.56	384.56
384.56	384.37
384.55	384.41
384.55	384.4
384.55	384.54
384.56	384.57
384.56	384.63
384.57	384.62
384.57	384.42
384.56	384.5
384.57	384.72
384.58	384.7
384.57	384.38
384.58	384.57
384.58	384.54
384.58	384.5
384.58	384.59
384.57	384.44
384.57	384.56
384.57	384.56
384.57	384.55
384.57	384.53
384.57	384.56
358.11	-915.9
335.41	335.25
308.93	308.73
259.79	259.81
233.32	233.25
165.28	-1728.38
165.29	165.37
165.29	165.16
165.29	165.27
165.29	165.33
165.3	165.5
165.32	165.53
165.31	165.41
165.31	165.12
165.3	165.2
165.31	165.25
165.31	165.35
165.3	165.02
165.3	165.18
165.3	165.31
165.3	165.31
165.31	165.33
165.3	165.17
165.3	165.35
165.31	165.27
165.31	165.39
165.31	165.3
165.3	165.24
165.3	165.43
165.3	165.44
165.29	165.28
165.29	165.22
165.3	165.45
165.31	165.49
165.31	165.24
165.31	165.21
165.3	165.22
165.31	165.37
165.31	165.26
165.3	165.22
165.29	165.07
165.3	165.39
165.31	165.45
165.3	165.24
165.3	165.51
165.31	165.35
165.3	165.23
165.3	165.19
165.29	165.24
165.29	165.36
165.29	165.33
165.28	165.23
165.27	165.16
165.27	165.17
165.27	165.16
165.26	164.92
165.25	165.29
165.24	165.19
165.24	165.36
165.24	165.21
165.24	165.34
165.24	165.33
165.24	165.06
165.23	165.04
165.21	165.03
165.21	165.15
165.22	165.17
165.23	165.27
165.23	165.24
165.23	165.35
165.23	165.34
165.24	165.32
165.25	165.23
165.26	165.3
165.26	165.17
165.26	165.3
165.26	165.3
165.26	165.22
165.27	165.35
165.27	165.22
165.27	165.36
165.27	165.35
165.28	165.45
165.29	165.37
165.3	165.29
176.65	387.1
184.2	184.1
195.55	195.62
218.22	218.12
222.01	222.08
252.26	1088.12
271.17	271.27
290.07	290.15
339.21	339.28
384.56	384.48
384.56	384.64
384.58	384.79
384.59	384.58
384.58	384.52
384.57	384.57
384.58	384.66
384.58	384.64
384.58	384.5
384.58	384.45
384.58	384.56
384.58	384.67
384.58	384.62
384.58	384.67
384.58	384.55
384.58	384.67
384.59	384.68
384.6	384.64
384.61	384.64
384.6	384.74
384.6	384.53
384.59	384.6
384.6	384.81
384.62	384.75
384.62	384.59
384.63	384.78
384.63	384.6
384.64	384.7
384.64	384.76
384.64	384.58
384.64	384.55
384.65	384.69
384.65	384.67
384.65	384.79
384.66	384.8
384.66	384.65
384.66	384.78
384.67	384.76
384.66	384.7
384.66	384.61
384.65	384.68
384.65	384.59
384.66	384.73
384.66	384.7
384.66	384.61
384.67	384.81
384.67	384.72
384.67	384.56
384.67	384.68
384.67	384.63
384.67	384.75
384.68	384.7
384.67	384.75
384.68	384.73
384.68	384.73
384.67	384.57
384.67	384.74
384.66	384.84
384.66	384.75
384.67	384.81
384.67	384.71
384.68	384.68
384.66	384.39
384.64	384.68
384.63	384.6
384.62	384.67
384.62	384.62
384.62	384.62
384.61	384.54
384.6	384.56
384.59	384.59
384.58	384.55
384.58	384.66
384.59	384.79
384.58	384.46
384.56	384.42
384.54	384.44
384.54	384.44
384.54	384.56
384.55	384.69
384.55	384.68
384.56	384.61
384.56	384.47
384.56	384.61
384.56	384.45
384.55	384.52
384.54	384.44
376.98	377.12
373.2	373.26
365.64	-56.59
361.86	362.04
354.31	354.34
350.53	350.61
342.97	343.03
331.63	-92.62
324.07	324.1
324.07	324.19
316.5	316.48
305.15	305.16
293.81	84.32
286.25	286.28
282.46	282.47
274.9	65.65
271.11	271.15
267.33	267.23
263.54	263.56
263.55	263.47
256	47.02
252.22	252.37
248.45	248.41
240.89	240.95
237.1	237.05
225.75	14.98
221.97	221.93
225.75	225.65
210.62	-213.95
203.06	203.06
195.49	195.42
191.71	191.75
187.94	187.96
176.6	-243.64
172.83	172.99
172.84	172.82
165.28	165.33
165.29	165.47
165.28	165.23
165.27	165.11
165.27	165.31
165.28	165.19
165.26	165
165.26	165.2
165.26	165.18
165.26	165.21
165.26	165.19
165.26	165.35
165.26	165.37
165.27	165.31
165.27	165.3
165.27	165.2
165.28	165.28
165.28	165.29
165.29	165.41
165.29	165.32
165.29	165.52
165.3	165.33
165.29	165.27
165.29	165.28
165.29	165.41
165.28	165.17
165.28	165.28
165.28	165.32
165.29	165.18
165.28	165.14
165.29	165.21
165.28	165.25
165.29	165.19
165.28	165.33
165.29	165.43
165.29	165.24
165.29	165.26
165.28	165.29
165.28	165.4
165.29	165.39
165.29	165.29
165.29	165.37
165.29	165.41
165.28	165.16
165.28	165.31
165.28	165.19
165.28	165.33
161.5	161.54
165.29	165.16
165.29	165.27
165.28	165.15
165.27	165.04
165.27	165.29
165.27	165.29
176.61	600.2
176.6	176.52
184.15	184.18
210.62	210.59
225.74	225.82
335.36	4345.08
384.5	384.67
384.5	384.66
384.5	384.32
384.5	384.39
384.51	384.66
384.52	384.56
384.52	384.54
384.51	384.5
384.51	384.57
384.51	384.53
384.5	384.43
384.49	384.25
384.49	384.3
384.49	384.47
384.48	384.49
384.48	384.39
384.48	384.49
384.49	384.51
384.49	384.55
384.49	384.57
384.5	384.47
384.51	384.54
384.5	384.3
384.5	384.31
384.5	384.47
384.51	384.57
384.5	384.49
384.51	384.55
384.51	384.63
384.51	384.58
384.5	384.33
384.51	384.62
384.51	384.49
384.52	384.71
384.54	384.54
384.54	384.58
384.53	384.41
384.53	384.43
384.53	384.5
384.53	384.41
384.54	384.68
384.53	384.42
384.54	384.6
384.54	384.44
384.56	384.69
384.57	384.64
384.57	384.43
384.57	384.64
384.59	384.73
384.59	384.64
384.59	384.61
384.58	384.47
384.57	384.57
384.57	384.64
384.56	384.57
384.56	384.8
384.55	384.42
384.55	384.37
384.56	384.67
384.56	384.54
384.55	384.51
384.54	384.59
384.53	384.35
384.53	384.65
384.54	384.82
384.55	384.57
384.56	384.52
384.56	384.56
384.55	384.47
384.55	384.53
384.55	384.68
384.56	384.53
384.55	384.57
384.55	384.54
384.56	384.64
384.55	384.41
384.56	384.57
384.55	384.46
384.54	384.6
384.54	384.49
384.54	384.68
384.54	384.53
384.52	384.29
384.5	384.57
384.52	384.82
384.54	384.76
384.56	384.59
384.56	384.64
384.54	384.48
384.55	384.67
384.56	384.62
384.57	384.68
384.56	384.53
384.56	384.59
369.44	-257.93
358.1	358.26
358.09	358.11
342.97	-73.43
331.63	331.49
327.86	327.91
308.96	309
301.38	301.23
297.59	297.57
297.58	297.47
301.35	301.2
301.34	301.38
297.57	297.39
293.8	293.74
290.02	290.09
286.24	286.11
278.65	278.51
274.87	275.13
278.66	278.66
278.66	278.72
278.68	278.77
278.67	278.33
282.44	282.2
278.65	278.78
278.65	278.61
278.65	278.61
278.65	278.41
278.64	278.63
278.64	278.56
278.64	278.63
278.64	278.77
278.63	278.71
278.63	278.55
278.63	278.59
278.63	278.73
278.63	278.65
278.64	278.56
278.64	278.51
278.66	278.98
278.68	278.71
278.68	278.65
278.68	278.5
278.67	278.51
278.68	278.67
278.69	278.67
278.68	278.58
278.68	278.49
278.68	278.61
278.68	278.78
274.91	64.55
278.7	278.74
278.71	278.69
278.71	278.71
278.71	278.58
278.7	278.56
278.71	278.64
278.71	278.73
278.71	278.89
278.72	278.79
278.72	278.58
278.72	278.91
278.73	278.82
278.72	278.44
278.71	278.57
278.71	278.64
278.7	278.69
278.71	278.74
278.71	278.52
278.71	278.64
278.7	278.73
278.71	278.88
278.71	278.54
278.7	278.78
278.69	278.64
278.69	278.56
278.69	278.61
278.7	278.77
278.69	278.62
278.68	278.67
278.7	278.96
278.7	278.77
282.49	282.55
278.7	278.59
278.71	278.75
278.71	278.68
278.71	278.55
278.7	278.8
278.7	278.61
278.7	278.55
278.69	278.77
278.69	278.7
278.68	278.61
278.68	278.69
278.68	278.74
278.67	278.58
278.67	278.49
278.66	278.63
278.66	278.78
278.66	69.35
278.66	278.7
278.65	278.52
278.64	278.55
278.64	278.66
274.86	64.34
278.63	278.56
278.63	278.59
278.63	278.64
278.62	278.76
278.63	278.77
278.63	278.51
278.63	278.61
278.62	278.49
278.63	278.58
278.63	278.64
278.62	278.58
278.62	278.68
282.4	492.08
274.83	274.69
278.61	278.53
278.61	278.44
278.61	278.55
278.6	278.62
278.6	278.84
278.61	278.75
278.62	278.71
278.62	278.69
278.62	278.86
278.62	278.61
278.64	278.75
278.64	278.69
278.64	278.73
278.65	278.7
278.65	278.81
278.66	278.8
278.66	488.69
278.67	278.67
278.66	278.65
278.66	278.6
278.67	278.91
278.67	278.72
278.67	278.66
278.67	278.62
278.67	278.62
278.67	278.83
278.67	67.06
278.68	278.62
278.68	278.78
278.68	278.53
278.67	278.74
2	
